# JRE version: OpenJDK Runtime Environment (8.0_372-b07) (build 1.8.0_372-b07)
# Java VM: OpenJDK 64-Bit Server VM (25.372-b07 mixed mode windows-amd64 compressed oops)
Heap:
 PSYoungGen      total 34816K, used 15762K [0x00000000d5580000, 0x00000000d9980000, 0x0000000100000000)
  eden space 26624K, 34% used [0x00000000d5580000,0x00000000d5e8f4e8,0x00000000d6f80000)
  from space 8192K, 79% used [0x00000000d7780000,0x00000000d7dd53f0,0x00000000d7f80000)
  to   space 8192K, 0% used [0x00000000d6f80000,0x00000000d6f80000,0x00000000d7780000)
 ParOldGen       total 71168K, used 5741K [0x0000000080000000, 0x0000000084580000, 0x00000000d5580000)
  object space 71168K, 8% used [0x0000000080000000,0x000000008059b6d0,0x0000000084580000)
 Metaspace       used 17260K, capacity 17966K, committed 18304K, reserved 1064960K
  class space    used 2429K, capacity 2591K, committed 2688K, reserved 1048576K
GC Heap History (10 events):
Event: 3.250 GC heap before
{Heap before GC invocations=2 (full 0):
 PSYoungGen      total 31232K, used 30593K [0x00000000d5580000, 0x00000000d7800000, 0x0000000100000000)
  eden space 27136K, 100% used [0x00000000d5580000,0x00000000d7000000,0x00000000d7000000)
  from space 4096K, 84% used [0x00000000d7000000,0x00000000d73607d0,0x00000000d7400000)
  to   space 4096K, 0% used [0x00000000d7400000,0x00000000d7400000,0x00000000d7800000)
 ParOldGen       total 71168K, used 27K [0x0000000080000000, 0x0000000084580000, 0x00000000d5580000)
  object space 71168K, 0% used [0x0000000080000000,0x0000000080006c30,0x0000000084580000)
 Metaspace       used 7941K, capacity 8134K, committed 8320K, reserved 1056768K
  class space    used 985K, capacity 1054K, committed 1152K, reserved 1048576K
Event: 3.262 GC heap after
Heap after GC invocations=2 (full 0):
 PSYoungGen      total 31232K, used 4092K [0x00000000d5580000, 0x00000000d7800000, 0x0000000100000000)
  eden space 27136K, 0% used [0x00000000d5580000,0x00000000d5580000,0x00000000d7000000)
  from space 4096K, 99% used [0x00000000d7400000,0x00000000d77ff3e0,0x00000000d7800000)
  to   space 4096K, 0% used [0x00000000d7000000,0x00000000d7000000,0x00000000d7400000)
 ParOldGen       total 71168K, used 371K [0x0000000080000000, 0x0000000084580000, 0x00000000d5580000)
  object space 71168K, 0% used [0x0000000080000000,0x000000008005cd40,0x0000000084580000)
 Metaspace       used 7941K, capacity 8134K, committed 8320K, reserved 1056768K
  class space    used 985K, capacity 1054K, committed 1152K, reserved 1048576K
}
Event: 4.150 GC heap before
{Heap before GC invocations=3 (full 0):
 PSYoungGen      total 31232K, used 31228K [0x00000000d5580000, 0x00000000d7800000, 0x0000000100000000)
  eden space 27136K, 100% used [0x00000000d5580000,0x00000000d7000000,0x00000000d7000000)
  from space 4096K, 99% used [0x00000000d7400000,0x00000000d77ff3e0,0x00000000d7800000)
  to   space 4096K, 0% used [0x00000000d7000000,0x00000000d7000000,0x00000000d7400000)
 ParOldGen       total 71168K, used 371K [0x0000000080000000, 0x0000000084580000, 0x00000000d5580000)
  object space 71168K, 0% used [0x0000000080000000,0x000000008005cd40,0x0000000084580000)
 Metaspace       used 8100K, capacity 8376K, committed 8576K, reserved 1056768K
  class space    used 1001K, capacity 1092K, committed 1152K, reserved 1048576K
Event: 4.155 GC heap after
Heap after GC invocations=3 (full 0):
 PSYoungGen      total 31232K, used 3945K [0x00000000d5580000, 0x00000000d7800000, 0x0000000100000000)
  eden space 27136K, 0% used [0x00000000d5580000,0x00000000d5580000,0x00000000d7000000)
  from space 4096K, 96% used [0x00000000d7000000,0x00000000d73da740,0x00000000d7400000)
  to   space 4096K, 0% used [0x00000000d7400000,0x00000000d7400000,0x00000000d7800000)
 ParOldGen       total 71168K, used 379K [0x0000000080000000, 0x0000000084580000, 0x00000000d5580000)
  object space 71168K, 0% used [0x0000000080000000,0x000000008005ed40,0x0000000084580000)
 Metaspace       used 8100K, capacity 8376K, committed 8576K, reserved 1056768K
  class space    used 1001K, capacity 1092K, committed 1152K, reserved 1048576K
}
Event: 5.481 GC heap before
{Heap before GC invocations=4 (full 0):
 PSYoungGen      total 31232K, used 31081K [0x00000000d5580000, 0x00000000d7800000, 0x0000000100000000)
  eden space 27136K, 100% used [0x00000000d5580000,0x00000000d7000000,0x00000000d7000000)
  from space 4096K, 96% used [0x00000000d7000000,0x00000000d73da740,0x00000000d7400000)
  to   space 4096K, 0% used [0x00000000d7400000,0x00000000d7400000,0x00000000d7800000)
 ParOldGen       total 71168K, used 379K [0x0000000080000000, 0x0000000084580000, 0x00000000d5580000)
  object space 71168K, 0% used [0x0000000080000000,0x000000008005ed40,0x0000000084580000)
 Metaspace       used 10592K, capacity 10922K, committed 11008K, reserved 1058816K
  class space    used 1422K, capacity 1531K, committed 1536K, reserved 1048576K
Event: 5.501 GC heap after
Heap after GC invocations=4 (full 0):
 PSYoungGen      total 31232K, used 4084K [0x00000000d5580000, 0x00000000d7800000, 0x0000000100000000)
  eden space 27136K, 0% used [0x00000000d5580000,0x00000000d5580000,0x00000000d7000000)
  from space 4096K, 99% used [0x00000000d7400000,0x00000000d77fd368,0x00000000d7800000)
  to   space 4096K, 0% used [0x00000000d7000000,0x00000000d7000000,0x00000000d7400000)
 ParOldGen       total 71168K, used 2147K [0x0000000080000000, 0x0000000084580000, 0x00000000d5580000)
  object space 71168K, 3% used [0x0000000080000000,0x0000000080218f80,0x0000000084580000)
 Metaspace       used 10592K, capacity 10922K, committed 11008K, reserved 1058816K
  class space    used 1422K, capacity 1531K, committed 1536K, reserved 1048576K
}
Event: 9.632 GC heap before
{Heap before GC invocations=5 (full 0):
 PSYoungGen      total 31232K, used 31220K [0x00000000d5580000, 0x00000000d7800000, 0x0000000100000000)
  eden space 27136K, 100% used [0x00000000d5580000,0x00000000d7000000,0x00000000d7000000)
  from space 4096K, 99% used [0x00000000d7400000,0x00000000d77fd368,0x00000000d7800000)
  to   space 4096K, 0% used [0x00000000d7000000,0x00000000d7000000,0x00000000d7400000)
 ParOldGen       total 71168K, used 2147K [0x0000000080000000, 0x0000000084580000, 0x00000000d5580000)
  object space 71168K, 3% used [0x0000000080000000,0x0000000080218f80,0x0000000084580000)
 Metaspace       used 15099K, capacity 15608K, committed 15872K, reserved 1062912K
  class space    used 2065K, capacity 2218K, committed 2304K, reserved 1048576K
Event: 9.645 GC heap after
Heap after GC invocations=5 (full 0):
 PSYoungGen      total 30720K, used 4064K [0x00000000d5580000, 0x00000000d7f80000, 0x0000000100000000)
  eden space 26624K, 0% used [0x00000000d5580000,0x00000000d5580000,0x00000000d6f80000)
  from space 4096K, 99% used [0x00000000d7000000,0x00000000d73f8020,0x00000000d7400000)
  to   space 8192K, 0% used [0x00000000d7780000,0x00000000d7780000,0x00000000d7f80000)
 ParOldGen       total 71168K, used 5733K [0x0000000080000000, 0x0000000084580000, 0x00000000d5580000)
  object space 71168K, 8% used [0x0000000080000000,0x00000000805996d0,0x0000000084580000)
 Metaspace       used 15099K, capacity 15608K, committed 15872K, reserved 1062912K
  class space    used 2065K, capacity 2218K, committed 2304K, reserved 1048576K
}
Event: 10.701 GC heap before
{Heap before GC invocations=6 (full 0):
 PSYoungGen      total 30720K, used 30688K [0x00000000d5580000, 0x00000000d7f80000, 0x0000000100000000)
  eden space 26624K, 100% used [0x00000000d5580000,0x00000000d6f80000,0x00000000d6f80000)
  from space 4096K, 99% used [0x00000000d7000000,0x00000000d73f8020,0x00000000d7400000)
  to   space 8192K, 0% used [0x00000000d7780000,0x00000000d7780000,0x00000000d7f80000)
 ParOldGen       total 71168K, used 5733K [0x0000000080000000, 0x0000000084580000, 0x00000000d5580000)
  object space 71168K, 8% used [0x0000000080000000,0x00000000805996d0,0x0000000084580000)
 Metaspace       used 17006K, capacity 17634K, committed 17920K, reserved 1064960K
  class space    used 2372K, capacity 2525K, committed 2560K, reserved 1048576K
Event: 10.751 GC heap after
Heap after GC invocations=6 (full 0):
 PSYoungGen      total 34816K, used 6484K [0x00000000d5580000, 0x00000000d9980000, 0x0000000100000000)
  eden space 26624K, 0% used [0x00000000d5580000,0x00000000d5580000,0x00000000d6f80000)
  from space 8192K, 79% used [0x00000000d7780000,0x00000000d7dd53f0,0x00000000d7f80000)
  to   space 8192K, 0% used [0x00000000d6f80000,0x00000000d6f80000,0x00000000d7780000)
 ParOldGen       total 71168K, used 5741K [0x0000000080000000, 0x0000000084580000, 0x00000000d5580000)
  object space 71168K, 8% used [0x0000000080000000,0x000000008059b6d0,0x0000000084580000)
 Metaspace       used 17006K, capacity 17634K, committed 17920K, reserved 1064960K
  class space    used 2372K, capacity 2525K, committed 2560K, reserved 1048576K
}

