# JRE version: OpenJDK Runtime Environment (8.0_372-b07) (build 1.8.0_372-b07)
# Java VM: OpenJDK 64-Bit Server VM (25.372-b07 mixed mode windows-amd64 compressed oops)
Heap:
 PSYoungGen      total 382976K, used 210300K [0x00000000d5580000, 0x00000000f1100000, 0x0000000100000000)
  eden space 366080K, 52% used [0x00000000d5580000,0x00000000e1266d68,0x00000000ebb00000)
  from space 16896K, 99% used [0x00000000ebb00000,0x00000000ecb782d0,0x00000000ecb80000)
  to   space 19968K, 0% used [0x00000000efd80000,0x00000000efd80000,0x00000000f1100000)
 ParOldGen       total 78848K, used 20631K [0x0000000080000000, 0x0000000084d00000, 0x00000000d5580000)
  object space 78848K, 26% used [0x0000000080000000,0x0000000081425e78,0x0000000084d00000)
 Metaspace       used 50628K, capacity 52260K, committed 52352K, reserved 1095680K
  class space    used 6629K, capacity 7011K, committed 7040K, reserved 1048576K
GC Heap History (10 events):
Event: 20.575 GC heap before
{Heap before GC invocations=15 (full 2):
 PSYoungGen      total 263680K, used 255254K [0x00000000d5580000, 0x00000000e6380000, 0x0000000100000000)
  eden space 250880K, 100% used [0x00000000d5580000,0x00000000e4a80000,0x00000000e4a80000)
  from space 12800K, 34% used [0x00000000e5700000,0x00000000e5b45ba8,0x00000000e6380000)
  to   space 12800K, 0% used [0x00000000e4a80000,0x00000000e4a80000,0x00000000e5700000)
 ParOldGen       total 78848K, used 14377K [0x0000000080000000, 0x0000000084d00000, 0x00000000d5580000)
  object space 78848K, 18% used [0x0000000080000000,0x0000000080e0a668,0x0000000084d00000)
 Metaspace       used 35520K, capacity 36470K, committed 36608K, reserved 1081344K
  class space    used 4798K, capacity 5066K, committed 5120K, reserved 1048576K
Event: 20.582 GC heap after
Heap after GC invocations=15 (full 2):
 PSYoungGen      total 263680K, used 3990K [0x00000000d5580000, 0x00000000e9080000, 0x0000000100000000)
  eden space 250880K, 0% used [0x00000000d5580000,0x00000000d5580000,0x00000000e4a80000)
  from space 12800K, 31% used [0x00000000e4a80000,0x00000000e4e65ba8,0x00000000e5700000)
  to   space 12288K, 0% used [0x00000000e8480000,0x00000000e8480000,0x00000000e9080000)
 ParOldGen       total 78848K, used 14377K [0x0000000080000000, 0x0000000084d00000, 0x00000000d5580000)
  object space 78848K, 18% used [0x0000000080000000,0x0000000080e0a668,0x0000000084d00000)
 Metaspace       used 35520K, capacity 36470K, committed 36608K, reserved 1081344K
  class space    used 4798K, capacity 5066K, committed 5120K, reserved 1048576K
}
Event: 22.127 GC heap before
{Heap before GC invocations=16 (full 2):
 PSYoungGen      total 263680K, used 254870K [0x00000000d5580000, 0x00000000e9080000, 0x0000000100000000)
  eden space 250880K, 100% used [0x00000000d5580000,0x00000000e4a80000,0x00000000e4a80000)
  from space 12800K, 31% used [0x00000000e4a80000,0x00000000e4e65ba8,0x00000000e5700000)
  to   space 12288K, 0% used [0x00000000e8480000,0x00000000e8480000,0x00000000e9080000)
 ParOldGen       total 78848K, used 14377K [0x0000000080000000, 0x0000000084d00000, 0x00000000d5580000)
  object space 78848K, 18% used [0x0000000080000000,0x0000000080e0a668,0x0000000084d00000)
 Metaspace       used 35520K, capacity 36470K, committed 36608K, reserved 1081344K
  class space    used 4798K, capacity 5066K, committed 5120K, reserved 1048576K
Event: 22.148 GC heap after
Heap after GC invocations=16 (full 2):
 PSYoungGen      total 309248K, used 10585K [0x00000000d5580000, 0x00000000e9680000, 0x0000000100000000)
  eden space 296960K, 0% used [0x00000000d5580000,0x00000000d5580000,0x00000000e7780000)
  from space 12288K, 86% used [0x00000000e8480000,0x00000000e8ed6520,0x00000000e9080000)
  to   space 13312K, 0% used [0x00000000e7780000,0x00000000e7780000,0x00000000e8480000)
 ParOldGen       total 78848K, used 14377K [0x0000000080000000, 0x0000000084d00000, 0x00000000d5580000)
  object space 78848K, 18% used [0x0000000080000000,0x0000000080e0a668,0x0000000084d00000)
 Metaspace       used 35520K, capacity 36470K, committed 36608K, reserved 1081344K
  class space    used 4798K, capacity 5066K, committed 5120K, reserved 1048576K
}
Event: 23.910 GC heap before
{Heap before GC invocations=17 (full 2):
 PSYoungGen      total 309248K, used 307545K [0x00000000d5580000, 0x00000000e9680000, 0x0000000100000000)
  eden space 296960K, 100% used [0x00000000d5580000,0x00000000e7780000,0x00000000e7780000)
  from space 12288K, 86% used [0x00000000e8480000,0x00000000e8ed6520,0x00000000e9080000)
  to   space 13312K, 0% used [0x00000000e7780000,0x00000000e7780000,0x00000000e8480000)
 ParOldGen       total 78848K, used 14377K [0x0000000080000000, 0x0000000084d00000, 0x00000000d5580000)
  object space 78848K, 18% used [0x0000000080000000,0x0000000080e0a668,0x0000000084d00000)
 Metaspace       used 35521K, capacity 36470K, committed 36608K, reserved 1081344K
  class space    used 4798K, capacity 5066K, committed 5120K, reserved 1048576K
Event: 23.946 GC heap after
Heap after GC invocations=17 (full 2):
 PSYoungGen      total 310272K, used 13280K [0x00000000d5580000, 0x00000000edd80000, 0x0000000100000000)
  eden space 296960K, 0% used [0x00000000d5580000,0x00000000d5580000,0x00000000e7780000)
  from space 13312K, 99% used [0x00000000e7780000,0x00000000e8478368,0x00000000e8480000)
  to   space 17408K, 0% used [0x00000000ecc80000,0x00000000ecc80000,0x00000000edd80000)
 ParOldGen       total 78848K, used 20065K [0x0000000080000000, 0x0000000084d00000, 0x00000000d5580000)
  object space 78848K, 25% used [0x0000000080000000,0x0000000081398668,0x0000000084d00000)
 Metaspace       used 35521K, capacity 36470K, committed 36608K, reserved 1081344K
  class space    used 4798K, capacity 5066K, committed 5120K, reserved 1048576K
}
Event: 30.938 GC heap before
{Heap before GC invocations=18 (full 2):
 PSYoungGen      total 310272K, used 310240K [0x00000000d5580000, 0x00000000edd80000, 0x0000000100000000)
  eden space 296960K, 100% used [0x00000000d5580000,0x00000000e7780000,0x00000000e7780000)
  from space 13312K, 99% used [0x00000000e7780000,0x00000000e8478368,0x00000000e8480000)
  to   space 17408K, 0% used [0x00000000ecc80000,0x00000000ecc80000,0x00000000edd80000)
 ParOldGen       total 78848K, used 20065K [0x0000000080000000, 0x0000000084d00000, 0x00000000d5580000)
  object space 78848K, 25% used [0x0000000080000000,0x0000000081398668,0x0000000084d00000)
 Metaspace       used 37698K, capacity 38820K, committed 38912K, reserved 1083392K
  class space    used 5056K, capacity 5351K, committed 5376K, reserved 1048576K
Event: 31.021 GC heap after
Heap after GC invocations=18 (full 2):
 PSYoungGen      total 381952K, used 4749K [0x00000000d5580000, 0x00000000edc00000, 0x0000000100000000)
  eden space 366080K, 0% used [0x00000000d5580000,0x00000000d5580000,0x00000000ebb00000)
  from space 15872K, 29% used [0x00000000ecc80000,0x00000000ed1234a8,0x00000000edc00000)
  to   space 16896K, 0% used [0x00000000ebb00000,0x00000000ebb00000,0x00000000ecb80000)
 ParOldGen       total 78848K, used 20073K [0x0000000080000000, 0x0000000084d00000, 0x00000000d5580000)
  object space 78848K, 25% used [0x0000000080000000,0x000000008139a668,0x0000000084d00000)
 Metaspace       used 37698K, capacity 38820K, committed 38912K, reserved 1083392K
  class space    used 5056K, capacity 5351K, committed 5376K, reserved 1048576K
}
Event: 66.358 GC heap before
{Heap before GC invocations=19 (full 2):
 PSYoungGen      total 381952K, used 370829K [0x00000000d5580000, 0x00000000edc00000, 0x0000000100000000)
  eden space 366080K, 100% used [0x00000000d5580000,0x00000000ebb00000,0x00000000ebb00000)
  from space 15872K, 29% used [0x00000000ecc80000,0x00000000ed1234a8,0x00000000edc00000)
  to   space 16896K, 0% used [0x00000000ebb00000,0x00000000ebb00000,0x00000000ecb80000)
 ParOldGen       total 78848K, used 20073K [0x0000000080000000, 0x0000000084d00000, 0x00000000d5580000)
  object space 78848K, 25% used [0x0000000080000000,0x000000008139a668,0x0000000084d00000)
 Metaspace       used 50624K, capacity 52260K, committed 52352K, reserved 1095680K
  class space    used 6629K, capacity 7011K, committed 7040K, reserved 1048576K
Event: 66.387 GC heap after
Heap after GC invocations=19 (full 2):
 PSYoungGen      total 382976K, used 16864K [0x00000000d5580000, 0x00000000f1100000, 0x0000000100000000)
  eden space 366080K, 0% used [0x00000000d5580000,0x00000000d5580000,0x00000000ebb00000)
  from space 16896K, 99% used [0x00000000ebb00000,0x00000000ecb782d0,0x00000000ecb80000)
  to   space 19968K, 0% used [0x00000000efd80000,0x00000000efd80000,0x00000000f1100000)
 ParOldGen       total 78848K, used 20631K [0x0000000080000000, 0x0000000084d00000, 0x00000000d5580000)
  object space 78848K, 26% used [0x0000000080000000,0x0000000081425e78,0x0000000084d00000)
 Metaspace       used 50624K, capacity 52260K, committed 52352K, reserved 1095680K
  class space    used 6629K, capacity 7011K, committed 7040K, reserved 1048576K
}

